Startpoint: _153_ (rising edge-triggered flip-flop clocked by clk)
Endpoint: _150_ (rising edge-triggered flip-flop clocked by clk)
Path Group: clk
Path Type: min

  Delay    Time   Description
---------------------------------------------------------
   0.00    0.00   clock clk (rise edge)
   0.00    0.00   clock network delay (ideal)
   0.00    0.00 ^ _153_/CLK (sky130_fd_sc_hd__dfxtp_4)
   0.19    0.19 ^ _153_/Q (sky130_fd_sc_hd__dfxtp_4)
   0.08    0.26 ^ _141_/X (sky130_fd_sc_hd__or4_4)
   0.05    0.31 ^ _145_/X (sky130_fd_sc_hd__a211o_4)
   0.00    0.31 ^ _150_/D (sky130_fd_sc_hd__dfxtp_4)
           0.31   data arrival time

   0.00    0.00   clock clk (rise edge)
   0.00    0.00   clock network delay (ideal)
   0.00    0.00   clock reconvergence pessimism
           0.00 ^ _150_/CLK (sky130_fd_sc_hd__dfxtp_4)
  -0.02   -0.02   library hold time
          -0.02   data required time
---------------------------------------------------------
          -0.02   data required time
          -0.31   data arrival time
---------------------------------------------------------
           0.33   slack (MET)


Startpoint: coin[0] (input port clocked by clk)
Endpoint: _159_ (rising edge-triggered flip-flop clocked by clk)
Path Group: clk
Path Type: max

  Delay    Time   Description
---------------------------------------------------------
   0.00    0.00   clock clk (rise edge)
   0.00    0.00   clock network delay (ideal)
   2.00    2.00 ^ input external delay
   0.01    2.01 ^ coin[0] (in)
   0.24    2.26 ^ _078_/X (sky130_fd_sc_hd__or2_4)
   0.07    2.33 v _079_/Y (sky130_fd_sc_hd__inv_2)
   0.37    2.70 v _103_/X (sky130_fd_sc_hd__a21o_4)
   0.45    3.15 v _115_/X (sky130_fd_sc_hd__or2_4)
   0.83    3.97 v _116_/X (sky130_fd_sc_hd__or4_4)
   0.36    4.33 v _117_/X (sky130_fd_sc_hd__and3_4)
   0.00    4.33 v _159_/D (sky130_fd_sc_hd__dfxtp_4)
           4.33   data arrival time

  10.00   10.00   clock clk (rise edge)
   0.00   10.00   clock network delay (ideal)
   0.00   10.00   clock reconvergence pessimism
          10.00 ^ _159_/CLK (sky130_fd_sc_hd__dfxtp_4)
  -0.29    9.71   library setup time
           9.71   data required time
---------------------------------------------------------
           9.71   data required time
          -4.33   data arrival time
---------------------------------------------------------
           5.38   slack (MET)


