Startpoint: _150_ (rising edge-triggered flip-flop clocked by clk)
Endpoint: _154_ (rising edge-triggered flip-flop clocked by clk)
Path Group: clk
Path Type: min

  Delay    Time   Description
---------------------------------------------------------
   0.00    0.00   clock clk (rise edge)
   0.00    0.00   clock network delay (ideal)
   0.00    0.00 ^ _150_/CLK (sky130_fd_sc_hd__dfxtp_4)
   0.20    0.20 ^ _150_/Q (sky130_fd_sc_hd__dfxtp_4)
   0.09    0.29 ^ _128_/X (sky130_fd_sc_hd__and3_4)
   0.00    0.29 ^ _154_/D (sky130_fd_sc_hd__dfxtp_4)
           0.29   data arrival time

   0.00    0.00   clock clk (rise edge)
   0.00    0.00   clock network delay (ideal)
   0.00    0.00   clock reconvergence pessimism
           0.00 ^ _154_/CLK (sky130_fd_sc_hd__dfxtp_4)
  -0.02   -0.02   library hold time
          -0.02   data required time
---------------------------------------------------------
          -0.02   data required time
          -0.29   data arrival time
---------------------------------------------------------
           0.31   slack (MET)


Startpoint: coin[0] (input port clocked by clk)
Endpoint: _159_ (rising edge-triggered flip-flop clocked by clk)
Path Group: clk
Path Type: max

  Delay    Time   Description
---------------------------------------------------------
   0.00    0.00   clock clk (rise edge)
   0.00    0.00   clock network delay (ideal)
   2.00    2.00 ^ input external delay
   0.01    2.01 ^ coin[0] (in)
   0.22    2.23 ^ _078_/X (sky130_fd_sc_hd__or2_4)
   0.09    2.32 v _079_/Y (sky130_fd_sc_hd__inv_2)
   0.38    2.70 v _103_/X (sky130_fd_sc_hd__a21o_4)
   0.43    3.13 v _115_/X (sky130_fd_sc_hd__or2_4)
   0.81    3.95 v _116_/X (sky130_fd_sc_hd__or4_4)
   0.34    4.28 v _117_/X (sky130_fd_sc_hd__and3_4)
   0.00    4.28 v _159_/D (sky130_fd_sc_hd__dfxtp_4)
           4.28   data arrival time

  10.00   10.00   clock clk (rise edge)
   0.00   10.00   clock network delay (ideal)
   0.00   10.00   clock reconvergence pessimism
          10.00 ^ _159_/CLK (sky130_fd_sc_hd__dfxtp_4)
  -0.28    9.72   library setup time
           9.72   data required time
---------------------------------------------------------
           9.72   data required time
          -4.28   data arrival time
---------------------------------------------------------
           5.43   slack (MET)


