
21. Printing statistics.

=== vm ===

   Number of wires:                 89
   Number of wire bits:             95
   Number of public wires:          14
   Number of public wire bits:      20
   Number of memories:               0
   Number of memory bits:            0
   Number of processes:              0
   Number of cells:                 88
     sky130_fd_sc_hd__a211o_4        2
     sky130_fd_sc_hd__a21o_4         3
     sky130_fd_sc_hd__a21oi_4        3
     sky130_fd_sc_hd__and2_4         4
     sky130_fd_sc_hd__and3_4         8
     sky130_fd_sc_hd__and4_4         7
     sky130_fd_sc_hd__buf_2          6
     sky130_fd_sc_hd__dfxtp_4       13
     sky130_fd_sc_hd__inv_2         14
     sky130_fd_sc_hd__o21a_4         3
     sky130_fd_sc_hd__o22a_4         1
     sky130_fd_sc_hd__o32a_4         1
     sky130_fd_sc_hd__or2_4         12
     sky130_fd_sc_hd__or3_4          6
     sky130_fd_sc_hd__or4_4          5

   Chip area for module '\vm': 1038.496000

