Sun May 02 09:01:57 UTC 2021 - Executing "/openLANE_flow/scripts/mergeLef.py -i /home/harshitha/Desktop/vlsi/pdk_files/sky130A/libs.ref/sky130_fd_sc_hd/techlef/sky130_fd_sc_hd.tlef {/home/harshitha/Desktop/vlsi/pdk_files/sky130A/libs.ref/sky130_fd_sc_hd/lef/sky130_ef_sc_hd__fakediode_2.lef /home/harshitha/Desktop/vlsi/pdk_files/sky130A/libs.ref/sky130_fd_sc_hd/lef/sky130_fd_sc_hd.lef} -o /openLANE_flow/designs/vm/runs/epin/tmp/merged_unpadded.lef |& tee >&@stdout"

Sun May 02 09:01:59 UTC 2021 - Executing "/openLANE_flow/scripts/libtrim.pl /home/harshitha/Desktop/vlsi/pdk_files/sky130A/libs.ref/sky130_fd_sc_hd/lib/sky130_fd_sc_hd__tt_025C_1v80.lib /home/harshitha/Desktop/vlsi/pdk_files/sky130A/libs.tech/openlane/sky130_fd_sc_hd/no_synth.cells > /openLANE_flow/designs/vm/runs/epin/tmp/trimmed.lib"

Sun May 02 09:02:03 UTC 2021 - Executing "sed -E {s/^([[:space:]]+)pg_pin(.*)/\1pin\2\n\1    direction : "inout";/g} /home/harshitha/Desktop/vlsi/pdk_files/sky130A/libs.ref/sky130_fd_sc_hd/lib/sky130_fd_sc_hd__tt_025C_1v80.lib > /openLANE_flow/designs/vm/runs/epin/tmp/sky130_fd_sc_hd__tt_025C_1v80.no_pg.lib"

Sun May 02 09:02:04 UTC 2021 - Executing "yosys -c /openLANE_flow/scripts/synth.tcl -l /openLANE_flow/designs/vm/runs/epin/logs/synthesis/yosys.log |& tee >&@stdout"

Sun May 02 09:02:18 UTC 2021 - Executing "sed -i -e {s/\(set ::env(CURRENT_NETLIST)\).*/\1 \/openLANE_flow\/designs\/vm\/runs\/epin\/results\/synthesis\/vm.synthesis.v/} /openLANE_flow/designs/vm/runs/epin/config.tcl"

Sun May 02 09:02:18 UTC 2021 - Executing "sed -i -e {s/\(set ::env(PREV_NETLIST)\).*/\1 0/} /openLANE_flow/designs/vm/runs/epin/config.tcl"

Sun May 02 09:02:18 UTC 2021 - Executing "sed -i /defparam/d /openLANE_flow/designs/vm/runs/epin/results/synthesis/vm.synthesis.v"

Sun May 02 09:02:18 UTC 2021 - Executing "sta /openLANE_flow/scripts/sta.tcl |& tee >&@stdout /openLANE_flow/designs/vm/runs/epin/logs/synthesis/opensta.log"

Sun May 02 09:02:34 UTC 2021 - Executing "openroad -exit /openLANE_flow/scripts/openroad/or_floorplan.tcl |& tee >&@stdout /openLANE_flow/designs/vm/runs/epin/logs/floorplan/verilog2def.openroad.log"

Sun May 02 09:02:45 UTC 2021 - Executing "python3 /openLANE_flow/scripts/io_place.py --input-lef /openLANE_flow/designs/vm/runs/epin/tmp/merged.lef --input-def /openLANE_flow/designs/vm/runs/epin/tmp/floorplan/verilog2def_openroad.def --config /openLANE_flow/designs/vm/f --hor-layer 4 --ver-layer 3 --ver-width-mult 2 --hor-width-mult 2 --hor-extension -1 --ver-extension -1 --length 1 -o /openLANE_flow/designs/vm/runs/epin/tmp/floorplan/ioPlacer.def |& tee /openLANE_flow/designs/vm/runs/epin/logs/floorplan/place_io_ol.log >&@stdout"

Sun May 02 09:02:50 UTC 2021 - Executing "openroad -exit /openLANE_flow/scripts/openroad/or_tapcell.tcl |& tee >&@stdout /openLANE_flow/designs/vm/runs/epin/logs/floorplan/tapcell.log"

Sun May 02 09:02:57 UTC 2021 - Executing "openroad -exit /openLANE_flow/scripts/new_pdn.tcl |& tee >&@stdout /openLANE_flow/designs/vm/runs/epin/logs/floorplan/pdn.log"

Sun May 02 09:03:05 UTC 2021 - Executing "python3 /openLANE_flow/scripts/random_place.py --lef /openLANE_flow/designs/vm/runs/epin/tmp/merged_unpadded.lef --input-def /openLANE_flow/designs/vm/runs/epin/tmp/floorplan/pdn.def --output-def /openLANE_flow/designs/vm/runs/epin/tmp/placement/replace.def |& tee >&@stdout /openLANE_flow/designs/vm/runs/epin/logs/placement/replace.log"

Sun May 02 09:03:09 UTC 2021 - Executing "/openLANE_flow/scripts/libtrim.pl /home/harshitha/Desktop/vlsi/pdk_files/sky130A/libs.ref/sky130_fd_sc_hd/lib/sky130_fd_sc_hd__ss_100C_1v60.lib /home/harshitha/Desktop/vlsi/pdk_files/sky130A/libs.tech/openlane/sky130_fd_sc_hd/no_synth.cells > /openLANE_flow/designs/vm/runs/epin/tmp/opt.lib"

Sun May 02 09:03:12 UTC 2021 - Executing "Psn /openLANE_flow/scripts/openPhySyn.tcl |& tee >&@stdout /openLANE_flow/designs/vm/runs/epin/logs/placement/openphysyn.log"

Sun May 02 09:03:54 UTC 2021 - Executing "openroad -exit /openLANE_flow/scripts/openroad/or_write_verilog.tcl |& tee >&@stdout /openLANE_flow/designs/vm/runs/epin/logs/write_verilog.log"

Sun May 02 09:04:01 UTC 2021 - Executing "sed -i -e {s/\(set ::env(CURRENT_NETLIST)\).*/\1 \/openLANE_flow\/designs\/vm\/runs\/epin\/results\/synthesis\/vm.synthesis_optimized.v/} /openLANE_flow/designs/vm/runs/epin/config.tcl"

Sun May 02 09:04:01 UTC 2021 - Executing "sed -i -e {s/\(set ::env(PREV_NETLIST)\).*/\1 \/openLANE_flow\/designs\/vm\/runs\/epin\/results\/synthesis\/vm.synthesis.v/} /openLANE_flow/designs/vm/runs/epin/config.tcl"

Sun May 02 09:04:01 UTC 2021 - Executing "sta /openLANE_flow/scripts/sta.tcl |& tee >&@stdout /openLANE_flow/designs/vm/runs/epin/logs/synthesis/opensta_post_openphysyn.log"

Sun May 02 09:04:15 UTC 2021 - Executing "openroad -exit /openLANE_flow/scripts/openroad/or_opendp.tcl |& tee >&@stdout /openLANE_flow/designs/vm/runs/epin/logs/placement/opendp.log"

Sun May 02 09:04:23 UTC 2021 - Executing "openroad -exit /openLANE_flow/scripts/openroad/or_cts.tcl |& tee >&@stdout /openLANE_flow/designs/vm/runs/epin/logs/cts/cts.log"

Sun May 02 09:24:58 UTC 2021 - Executing "openroad -exit /openLANE_flow/scripts/openroad/or_write_verilog.tcl |& tee >&@stdout /openLANE_flow/designs/vm/runs/epin/logs/write_verilog.log"

Sun May 02 09:25:06 UTC 2021 - Executing "sed -i -e {s/\(set ::env(CURRENT_NETLIST)\).*/\1 \/openLANE_flow\/designs\/vm\/runs\/epin\/results\/synthesis\/vm.synthesis_cts.v/} /openLANE_flow/designs/vm/runs/epin/config.tcl"

Sun May 02 09:25:06 UTC 2021 - Executing "sed -i -e {s/\(set ::env(PREV_NETLIST)\).*/\1 \/openLANE_flow\/designs\/vm\/runs\/epin\/results\/synthesis\/vm.synthesis_optimized.v/} /openLANE_flow/designs/vm/runs/epin/config.tcl"

Sun May 02 09:25:06 UTC 2021 - Executing "openroad -exit /openLANE_flow/scripts/openroad/or_route.tcl |& tee >&@stdout /openLANE_flow/designs/vm/runs/epin/logs/routing/fastroute.log"

Sun May 02 09:25:55 UTC 2021 - Executing "openroad -exit /openLANE_flow/scripts/openroad/or_route.tcl |& tee >&@stdout /openLANE_flow/designs/vm/runs/epin/logs/routing/fastroute_post_antenna.log"

Sun May 02 09:26:59 UTC 2021 - Executing "openroad -exit /openLANE_flow/scripts/openroad/or_fill.tcl |& tee >&@stdout /openLANE_flow/designs/vm/runs/epin/logs/routing/addspacers.log"

Sun May 02 09:27:07 UTC 2021 - Executing "openroad -exit /openLANE_flow/scripts/openroad/or_write_verilog.tcl |& tee >&@stdout /openLANE_flow/designs/vm/runs/epin/logs/write_verilog.log"

Sun May 02 09:27:14 UTC 2021 - Executing "sed -i -e {s/\(set ::env(CURRENT_NETLIST)\).*/\1 \/openLANE_flow\/designs\/vm\/runs\/epin\/results\/synthesis\/vm.synthesis_preroute.v/} /openLANE_flow/designs/vm/runs/epin/config.tcl"

Sun May 02 09:27:14 UTC 2021 - Executing "sed -i -e {s/\(set ::env(PREV_NETLIST)\).*/\1 \/openLANE_flow\/designs\/vm\/runs\/epin\/results\/synthesis\/vm.synthesis_cts.v/} /openLANE_flow/designs/vm/runs/epin/config.tcl"

Sun May 02 09:27:14 UTC 2021 - Executing "envsubst < /openLANE_flow/scripts/tritonRoute.param > /openLANE_flow/designs/vm/runs/epin/tmp/routing/tritonRoute.param"

Sun May 02 09:27:14 UTC 2021 - Executing "TritonRoute /openLANE_flow/designs/vm/runs/epin/tmp/routing/tritonRoute.param |& tee >&@stdout /openLANE_flow/designs/vm/runs/epin/logs/routing/tritonRoute.log"

Sun May 02 09:28:46 UTC 2021 - Executing "python3 /openLANE_flow/scripts/tr2klayout.py -i /openLANE_flow/designs/vm/runs/epin/reports/routing/tritonRoute.drc -o /openLANE_flow/designs/vm/runs/epin/reports/routing/tritonRoute.klayout.xml --design-name vm"

Sun May 02 09:28:47 UTC 2021 - Executing "python3 /openLANE_flow/scripts/spef_extractor/main.py -l /openLANE_flow/designs/vm/runs/epin/tmp/merged_unpadded.lef -d /openLANE_flow/designs/vm/runs/epin/results/routing/vm.def -mw L -ec 1 |& tee >&@stdout /openLANE_flow/designs/vm/runs/epin/logs/routing/spef_extraction.log"

Sun May 02 09:28:55 UTC 2021 - Executing "sta /openLANE_flow/scripts/sta.tcl |& tee >&@stdout /openLANE_flow/designs/vm/runs/epin/logs/synthesis/opensta_spef.log"

Sun May 02 09:29:11 UTC 2021 - Executing "python3 /openLANE_flow/scripts/write_powered_def.py -d /openLANE_flow/designs/vm/runs/epin/results/routing/vm.def -l /openLANE_flow/designs/vm/runs/epin/tmp/merged.lef --power-port VPWR --ground-port VGND --powered-netlist {} -o /openLANE_flow/designs/vm/runs/epin/tmp/routing/vm.powered.def |& tee >&@stdout /openLANE_flow/designs/vm/runs/epin/logs/lvs/write_powered_verilog.log"

Sun May 02 09:29:17 UTC 2021 - Executing "openroad -exit /openLANE_flow/scripts/openroad/or_write_verilog.tcl |& tee >&@stdout /openLANE_flow/designs/vm/runs/epin/logs/write_verilog.log"

Sun May 02 09:29:24 UTC 2021 - Executing "yosys -c /openLANE_flow/scripts/yosys_rewrite_verilog.tcl -l /openLANE_flow/designs/vm/runs/epin/logs/synthesis/yosys_rewrite_verilog.log"

Sun May 02 09:29:28 UTC 2021 - Executing "sed -i -e {s/\(set ::env(CURRENT_NETLIST)\).*/\1 \/openLANE_flow\/designs\/vm\/runs\/epin\/results\/lvs\/vm.lvs.powered.v/} /openLANE_flow/designs/vm/runs/epin/config.tcl"

Sun May 02 09:29:28 UTC 2021 - Executing "sed -i -e {s/\(set ::env(PREV_NETLIST)\).*/\1 \/openLANE_flow\/designs\/vm\/runs\/epin\/results\/synthesis\/vm.synthesis_preroute.v/} /openLANE_flow/designs/vm/runs/epin/config.tcl"

Sun May 02 09:29:28 UTC 2021 - Executing "magic -noconsole -dnull -rcfile /home/harshitha/Desktop/vlsi/pdk_files/sky130A/libs.tech/magic/sky130A.magicrc /openLANE_flow/scripts/magic/mag_gds.tcl </dev/null |& tee >&@stdout /openLANE_flow/designs/vm/runs/epin/logs/magic/magic.log"

Sun May 02 09:29:33 UTC 2021 - Executing "magic -noconsole -dnull -rcfile /home/harshitha/Desktop/vlsi/pdk_files/sky130A/libs.tech/magic/sky130A.magicrc /openLANE_flow/scripts/magic/lef.tcl </dev/null |& tee >&@stdout /openLANE_flow/designs/vm/runs/epin/logs/magic/magic.lef.log"

Sun May 02 09:29:36 UTC 2021 - Executing "magic -noconsole -dnull -rcfile /home/harshitha/Desktop/vlsi/pdk_files/sky130A/libs.tech/magic/sky130A.magicrc /openLANE_flow/scripts/magic/maglef.tcl </dev/null |& tee >&@stdout /openLANE_flow/designs/vm/runs/epin/logs/magic/magic.maglef.log"

Sun May 02 09:29:39 UTC 2021 - Executing "magic -noconsole -dnull -rcfile /home/harshitha/Desktop/vlsi/pdk_files/sky130A/libs.tech/magic/sky130A.magicrc /openLANE_flow/designs/vm/runs/epin/tmp/magic_spice.tcl </dev/null |& tee >&@stdout /openLANE_flow/designs/vm/runs/epin/logs/magic/magic_spice.log"

Sun May 02 09:29:44 UTC 2021 - Executing "magic -noconsole -dnull -rcfile /home/harshitha/Desktop/vlsi/pdk_files/sky130A/libs.tech/magic/sky130A.magicrc /openLANE_flow/scripts/magic/drc.tcl </dev/null |& tee >&@stdout /openLANE_flow/designs/vm/runs/epin/logs/magic/magic.drc.log"

Sun May 02 09:29:53 UTC 2021 - Executing "python3 /openLANE_flow/scripts/magic_drc_to_rdb.py --magic_drc_in /openLANE_flow/designs/vm/runs/epin/logs/magic/magic.drc --rdb_out /openLANE_flow/designs/vm/runs/epin/results/magic/vm.drc.rdb"

Sun May 02 09:29:54 UTC 2021 - Executing "netgen -batch lvs {/openLANE_flow/designs/vm/runs/epin/results/magic/vm.spice vm} {/openLANE_flow/designs/vm/runs/epin/results/lvs/vm.lvs.powered.v vm} /home/harshitha/Desktop/vlsi/pdk_files/sky130A/libs.tech/netgen/sky130A_setup.tcl /openLANE_flow/designs/vm/runs/epin/results/lvs/vm.lvs.log -json |& tee >&@stdout /openLANE_flow/designs/vm/runs/epin/logs/lvs/lvs.log"

Sun May 02 09:29:56 UTC 2021 - Executing "openroad -exit /openLANE_flow/scripts/openroad/or_antenna_check.tcl |& tee >&@stdout /openLANE_flow/designs/vm/runs/epin/logs/routing/or_antenna.log"

Sun May 02 09:30:03 UTC 2021 - Executing "awk { BEGIN {  # Print power and standard_input definitions
    print "VPWR power 1.8";
    print "VGND power 0.0";
    print "#define std_input min@VGND max@VPWR";
}
$1 == "input" {  # Print input nets
    gsub(/;/, ""); 
    if ( $2 == "VPWR" || $2 == "VGND" ) {  # ignore power nets
        next;
    }
    if ( NF == 3 ) {  # print buses as net[range]
        $2 = $3 $2;
    }
    print $2, "input std_input";
}} /openLANE_flow/designs/vm/runs/epin/results/lvs/vm.lvs.powered.v > /openLANE_flow/designs/vm/runs/epin/results/cvc/vm.power"

Sun May 02 09:30:03 UTC 2021 - Executing "awk { /Black-box entry subcircuit/ {  # remove black-box defintions
    while ( $1 != ".ends" ) {
        getline;
    }
    getline;
}
/^\*/ {  # remove comments
    next;
}
/^.ENDS .*/ {  # remove name from ends lines
    print $1;
    next;
}
 {
    print $0;
}} /home/harshitha/Desktop/vlsi/pdk_files/sky130A/libs.ref/sky130_fd_sc_hd/cdl/sky130_fd_sc_hd.cdl /openLANE_flow/designs/vm/runs/epin/results/magic/vm.lef.spice > /openLANE_flow/designs/vm/runs/epin/results/cvc/vm.cdl"

Sun May 02 09:30:03 UTC 2021 - Executing "cvc /openLANE_flow/scripts/cvc/sky130A/cvcrc.sky130A |& tee >&@stdout /openLANE_flow/designs/vm/runs/epin/logs/cvc/cvc_screen.log"

Sun May 02 09:30:05 UTC 2021 - Executing "python3 /openLANE_flow/report_generation_wrapper.py -d /openLANE_flow/designs/vm -dn vm -t epin -o /openLANE_flow/designs/vm/runs/epin/reports/final_summary_report.csv -m /openLANE_flow/designs/vm/runs/epin/reports/manfucturability_report.rpt -r /openLANE_flow/designs/vm/runs/epin"

