Startpoint: _154_ (rising edge-triggered flip-flop clocked by clk)
Endpoint: _160_ (rising edge-triggered flip-flop clocked by clk)
Path Group: clk
Path Type: max

  Delay    Time   Description
---------------------------------------------------------
   0.00    0.00   clock clk (rise edge)
   0.00    0.00   clock network delay (ideal)
   0.00    0.00 ^ _154_/CLK (sky130_fd_sc_hd__dfxtp_4)
   0.66    0.66 v _154_/Q (sky130_fd_sc_hd__dfxtp_4)
   0.57    1.23 v _081_/X (sky130_fd_sc_hd__or2_4)
   0.96    2.19 v _084_/X (sky130_fd_sc_hd__or4_4)
   0.98    3.18 v _085_/X (sky130_fd_sc_hd__or4_4)
   0.21    3.39 ^ _086_/Y (sky130_fd_sc_hd__inv_2)
   0.23    3.63 ^ _103_/X (sky130_fd_sc_hd__a21o_4)
   0.16    3.79 v _104_/Y (sky130_fd_sc_hd__inv_2)
   0.25    4.04 v _105_/X (sky130_fd_sc_hd__o21a_4)
   0.76    4.80 v _107_/X (sky130_fd_sc_hd__or3_4)
   0.11    4.91 ^ _108_/Y (sky130_fd_sc_hd__inv_2)
   0.00    4.91 ^ _160_/D (sky130_fd_sc_hd__dfxtp_4)
           4.91   data arrival time

  10.00   10.00   clock clk (rise edge)
   0.00   10.00   clock network delay (ideal)
   0.00   10.00   clock reconvergence pessimism
          10.00 ^ _160_/CLK (sky130_fd_sc_hd__dfxtp_4)
  -0.15    9.85   library setup time
           9.85   data required time
---------------------------------------------------------
           9.85   data required time
          -4.91   data arrival time
---------------------------------------------------------
           4.94   slack (MET)


