
Magic 8.3 revision 93 - Compiled on Mon Dec  7 16:32:25 UTC 2020.
Starting magic under Tcl interpreter
Using the terminal as the console.
Using NULL graphics device.
Processing system .magicrc file
Sourcing design .magicrc for technology sky130A ...
2 Magic internal units = 1 Lambda
Input style sky130: scaleFactor=2, multiplier=2
Scaled tech values by 2 / 1 to match internal grid scaling
Loading sky130A Device Generator Menu ...
Loading "/openLANE_flow/scripts/magic/drc.tcl" from command line.
Warning: Calma reading is not undoable!  I hope that's OK.
Library written using GDS-II Release 3.0
Library name: vm
Reading "sky130_fd_sc_hd__decap_6".
Error while reading cell "sky130_fd_sc_hd__decap_6" (byte position 132): Unknown layer/datatype in boundary, layer=236 type=0
Reading "sky130_fd_sc_hd__decap_12".
Error while reading cell "sky130_fd_sc_hd__decap_12" (byte position 3276): Unknown layer/datatype in boundary, layer=236 type=0
Reading "sky130_fd_sc_hd__decap_3".
Error while reading cell "sky130_fd_sc_hd__decap_3" (byte position 7410): Unknown layer/datatype in boundary, layer=236 type=0
Reading "sky130_fd_sc_hd__dfxtp_4".
Error while reading cell "sky130_fd_sc_hd__dfxtp_4" (byte position 10072): Unknown layer/datatype in boundary, layer=236 type=0
Reading "sky130_fd_sc_hd__or4_4".
Error while reading cell "sky130_fd_sc_hd__or4_4" (byte position 24226): Unknown layer/datatype in boundary, layer=236 type=0
Reading "sky130_fd_sc_hd__decap_4".
Error while reading cell "sky130_fd_sc_hd__decap_4" (byte position 31528): Unknown layer/datatype in boundary, layer=236 type=0
Reading "sky130_fd_sc_hd__decap_8".
Error while reading cell "sky130_fd_sc_hd__decap_8" (byte position 34318): Unknown layer/datatype in boundary, layer=236 type=0
Reading "sky130_fd_sc_hd__fill_1".
Reading "sky130_fd_sc_hd__tapvpwrvgnd_1".
Reading "sky130_fd_sc_hd__or2_4".
Error while reading cell "sky130_fd_sc_hd__or2_4" (byte position 40808): Unknown layer/datatype in boundary, layer=236 type=0
Reading "sky130_fd_sc_hd__and4_4".
Error while reading cell "sky130_fd_sc_hd__and4_4" (byte position 46566): Unknown layer/datatype in boundary, layer=236 type=0
Reading "sky130_fd_sc_hd__and2_4".
Error while reading cell "sky130_fd_sc_hd__and2_4" (byte position 54012): Unknown layer/datatype in boundary, layer=236 type=0
Reading "sky130_fd_sc_hd__fill_2".
Reading "sky130_fd_sc_hd__a21o_4".
Error while reading cell "sky130_fd_sc_hd__a21o_4" (byte position 61166): Unknown layer/datatype in boundary, layer=236 type=0
Reading "sky130_fd_sc_hd__o21a_4".
Error while reading cell "sky130_fd_sc_hd__o21a_4" (byte position 69386): Unknown layer/datatype in boundary, layer=236 type=0
Reading "sky130_fd_sc_hd__inv_2".
Error while reading cell "sky130_fd_sc_hd__inv_2" (byte position 77364): Unknown layer/datatype in boundary, layer=236 type=0
Reading "sky130_fd_sc_hd__and3_4".
Error while reading cell "sky130_fd_sc_hd__and3_4" (byte position 81168): Unknown layer/datatype in boundary, layer=236 type=0
Reading "sky130_fd_sc_hd__a21oi_4".
Error while reading cell "sky130_fd_sc_hd__a21oi_4" (byte position 88060): Unknown layer/datatype in boundary, layer=236 type=0
Reading "sky130_fd_sc_hd__buf_2".
Error while reading cell "sky130_fd_sc_hd__buf_2" (byte position 96648): Unknown layer/datatype in boundary, layer=236 type=0
Reading "sky130_fd_sc_hd__a211o_4".
Error while reading cell "sky130_fd_sc_hd__a211o_4" (byte position 101140): Unknown layer/datatype in boundary, layer=236 type=0
Reading "sky130_fd_sc_hd__clkbuf_1".
Error while reading cell "sky130_fd_sc_hd__clkbuf_1" (byte position 110258): Unknown layer/datatype in boundary, layer=236 type=0
Reading "sky130_fd_sc_hd__or3_4".
Error while reading cell "sky130_fd_sc_hd__or3_4" (byte position 114062): Unknown layer/datatype in boundary, layer=236 type=0
Reading "sky130_fd_sc_hd__o32a_4".
Error while reading cell "sky130_fd_sc_hd__o32a_4" (byte position 121176): Unknown layer/datatype in boundary, layer=236 type=0
Reading "sky130_fd_sc_hd__clkbuf_16".
Error while reading cell "sky130_fd_sc_hd__clkbuf_16" (byte position 133482): Unknown layer/datatype in boundary, layer=236 type=0
Reading "sky130_fd_sc_hd__o22a_4".
Error while reading cell "sky130_fd_sc_hd__o22a_4" (byte position 146210): Unknown layer/datatype in boundary, layer=236 type=0
Reading "vm".
    100 uses
    200 uses
    300 uses
[INFO]: Loading vm

DRC style is now "drc(full)"
Loading DRC CIF style.
No errors found.
[INFO]: COUNT: 0
[INFO]: Should be divided by 3 or 4
[INFO]: DRC Checking DONE (/openLANE_flow/designs/vm/runs/epin/logs/magic/magic.drc)
[INFO]: Saving mag view with DRC errors(/openLANE_flow/designs/vm/runs/epin/results/magic/vm.drc.mag)
[INFO]: Saved
