
Magic 8.3 revision 93 - Compiled on Mon Dec  7 16:32:25 UTC 2020.
Starting magic under Tcl interpreter
Using the terminal as the console.
Using NULL graphics device.
Processing system .magicrc file
Sourcing design .magicrc for technology sky130A ...
2 Magic internal units = 1 Lambda
Input style sky130: scaleFactor=2, multiplier=2
Scaled tech values by 2 / 1 to match internal grid scaling
Loading sky130A Device Generator Menu ...
Loading "/openLANE_flow/scripts/magic/lef.tcl" from command line.
Reading LEF data from file /home/harshitha/Desktop/vlsi/pdk_files/sky130A/libs.ref/sky130_fd_sc_hd/techlef/sky130_fd_sc_hd.tlef.
This action cannot be undone.
LEF read, Line 77 (Message): Unknown keyword "ANTENNAMODEL" in LEF file; ignoring.
LEF read, Line 78 (Message): Unknown keyword "ANTENNADIFFSIDEAREARATIO" in LEF file; ignoring.
LEF read, Line 111 (Message): Unknown keyword "ANTENNAMODEL" in LEF file; ignoring.
LEF read, Line 112 (Message): Unknown keyword "ANTENNADIFFSIDEAREARATIO" in LEF file; ignoring.
LEF read, Line 118 (Message): Unknown keyword "MAXIMUMDENSITY" in LEF file; ignoring.
LEF read, Line 119 (Message): Unknown keyword "DENSITYCHECKWINDOW" in LEF file; ignoring.
LEF read, Line 120 (Message): Unknown keyword "DENSITYCHECKSTEP" in LEF file; ignoring.
LEF read, Line 159 (Message): Unknown keyword "ANTENNAMODEL" in LEF file; ignoring.
LEF read, Line 160 (Message): Unknown keyword "ANTENNADIFFSIDEAREARATIO" in LEF file; ignoring.
LEF read, Line 162 (Message): Unknown keyword "MAXIMUMDENSITY" in LEF file; ignoring.
LEF read, Line 163 (Message): Unknown keyword "DENSITYCHECKWINDOW" in LEF file; ignoring.
LEF read, Line 164 (Message): Unknown keyword "DENSITYCHECKSTEP" in LEF file; ignoring.
LEF read, Line 200 (Message): Unknown keyword "ANTENNAMODEL" in LEF file; ignoring.
LEF read, Line 201 (Message): Unknown keyword "ANTENNADIFFSIDEAREARATIO" in LEF file; ignoring.
LEF read, Line 203 (Message): Unknown keyword "MAXIMUMDENSITY" in LEF file; ignoring.
LEF read, Line 204 (Message): Unknown keyword "DENSITYCHECKWINDOW" in LEF file; ignoring.
LEF read, Line 205 (Message): Unknown keyword "DENSITYCHECKSTEP" in LEF file; ignoring.
LEF read, Line 241 (Message): Unknown keyword "ANTENNAMODEL" in LEF file; ignoring.
LEF read, Line 242 (Message): Unknown keyword "ANTENNADIFFSIDEAREARATIO" in LEF file; ignoring.
LEF read, Line 244 (Message): Unknown keyword "MAXIMUMDENSITY" in LEF file; ignoring.
LEF read, Line 245 (Message): Unknown keyword "DENSITYCHECKWINDOW" in LEF file; ignoring.
LEF read, Line 246 (Message): Unknown keyword "DENSITYCHECKSTEP" in LEF file; ignoring.
LEF read, Line 282 (Message): Unknown keyword "ANTENNAMODEL" in LEF file; ignoring.
LEF read, Line 283 (Message): Unknown keyword "ANTENNADIFFSIDEAREARATIO" in LEF file; ignoring.
LEF read: Processed 789 lines.
vm: 10000 rects
[INFO]: Writing abstract LEF
Generating LEF output /openLANE_flow/designs/vm/runs/final/results/magic/vm.lef for cell vm:
Diagnostic:  Write LEF header for cell vm
Diagnostic:  Writing LEF output for cell vm
Warning:  Parent cell lists instance of "sky130_fd_sc_hd__decap_3" at bad file path /openLANE_flow/designs/vm/runs/final/results/magic/sky130_fd_sc_hd__decap_3.mag.
The cell exists in the search paths at /home/harshitha/Desktop/vlsi/pdk_files/sky130A/libs.ref/sky130_fd_sc_hd/maglef/sky130_fd_sc_hd__decap_3.mag.
The discovered version will be used.
Warning:  Parent cell lists instance of "sky130_fd_sc_hd__tapvpwrvgnd_1" at bad file path /openLANE_flow/designs/vm/runs/final/results/magic/sky130_fd_sc_hd__tapvpwrvgnd_1.mag.
The cell exists in the search paths at /home/harshitha/Desktop/vlsi/pdk_files/sky130A/libs.ref/sky130_fd_sc_hd/maglef/sky130_fd_sc_hd__tapvpwrvgnd_1.mag.
The discovered version will be used.
Warning:  Parent cell lists instance of "sky130_fd_sc_hd__decap_12" at bad file path /openLANE_flow/designs/vm/runs/final/results/magic/sky130_fd_sc_hd__decap_12.mag.
The cell exists in the search paths at /home/harshitha/Desktop/vlsi/pdk_files/sky130A/libs.ref/sky130_fd_sc_hd/maglef/sky130_fd_sc_hd__decap_12.mag.
The discovered version will be used.
Warning:  Parent cell lists instance of "sky130_fd_sc_hd__decap_8" at bad file path /openLANE_flow/designs/vm/runs/final/results/magic/sky130_fd_sc_hd__decap_8.mag.
The cell exists in the search paths at /home/harshitha/Desktop/vlsi/pdk_files/sky130A/libs.ref/sky130_fd_sc_hd/maglef/sky130_fd_sc_hd__decap_8.mag.
The discovered version will be used.
Warning:  Parent cell lists instance of "sky130_fd_sc_hd__or2_4" at bad file path /openLANE_flow/designs/vm/runs/final/results/magic/sky130_fd_sc_hd__or2_4.mag.
The cell exists in the search paths at /home/harshitha/Desktop/vlsi/pdk_files/sky130A/libs.ref/sky130_fd_sc_hd/maglef/sky130_fd_sc_hd__or2_4.mag.
The discovered version will be used.
Warning:  Parent cell lists instance of "sky130_fd_sc_hd__decap_6" at bad file path /openLANE_flow/designs/vm/runs/final/results/magic/sky130_fd_sc_hd__decap_6.mag.
The cell exists in the search paths at /home/harshitha/Desktop/vlsi/pdk_files/sky130A/libs.ref/sky130_fd_sc_hd/maglef/sky130_fd_sc_hd__decap_6.mag.
The discovered version will be used.
Warning:  Parent cell lists instance of "sky130_fd_sc_hd__decap_4" at bad file path /openLANE_flow/designs/vm/runs/final/results/magic/sky130_fd_sc_hd__decap_4.mag.
The cell exists in the search paths at /home/harshitha/Desktop/vlsi/pdk_files/sky130A/libs.ref/sky130_fd_sc_hd/maglef/sky130_fd_sc_hd__decap_4.mag.
The discovered version will be used.
Warning:  Parent cell lists instance of "sky130_fd_sc_hd__fill_1" at bad file path /openLANE_flow/designs/vm/runs/final/results/magic/sky130_fd_sc_hd__fill_1.mag.
The cell exists in the search paths at /home/harshitha/Desktop/vlsi/pdk_files/sky130A/libs.ref/sky130_fd_sc_hd/maglef/sky130_fd_sc_hd__fill_1.mag.
The discovered version will be used.
Warning:  Parent cell lists instance of "sky130_fd_sc_hd__or4_4" at bad file path /openLANE_flow/designs/vm/runs/final/results/magic/sky130_fd_sc_hd__or4_4.mag.
The cell exists in the search paths at /home/harshitha/Desktop/vlsi/pdk_files/sky130A/libs.ref/sky130_fd_sc_hd/maglef/sky130_fd_sc_hd__or4_4.mag.
The discovered version will be used.
Warning:  Parent cell lists instance of "sky130_fd_sc_hd__fill_2" at bad file path /openLANE_flow/designs/vm/runs/final/results/magic/sky130_fd_sc_hd__fill_2.mag.
The cell exists in the search paths at /home/harshitha/Desktop/vlsi/pdk_files/sky130A/libs.ref/sky130_fd_sc_hd/maglef/sky130_fd_sc_hd__fill_2.mag.
The discovered version will be used.
Warning:  Parent cell lists instance of "sky130_fd_sc_hd__inv_2" at bad file path /openLANE_flow/designs/vm/runs/final/results/magic/sky130_fd_sc_hd__inv_2.mag.
The cell exists in the search paths at /home/harshitha/Desktop/vlsi/pdk_files/sky130A/libs.ref/sky130_fd_sc_hd/maglef/sky130_fd_sc_hd__inv_2.mag.
The discovered version will be used.
Warning:  Parent cell lists instance of "sky130_fd_sc_hd__and4_4" at bad file path /openLANE_flow/designs/vm/runs/final/results/magic/sky130_fd_sc_hd__and4_4.mag.
The cell exists in the search paths at /home/harshitha/Desktop/vlsi/pdk_files/sky130A/libs.ref/sky130_fd_sc_hd/maglef/sky130_fd_sc_hd__and4_4.mag.
The discovered version will be used.
Warning:  Parent cell lists instance of "sky130_fd_sc_hd__or3_4" at bad file path /openLANE_flow/designs/vm/runs/final/results/magic/sky130_fd_sc_hd__or3_4.mag.
The cell exists in the search paths at /home/harshitha/Desktop/vlsi/pdk_files/sky130A/libs.ref/sky130_fd_sc_hd/maglef/sky130_fd_sc_hd__or3_4.mag.
The discovered version will be used.
Warning:  Parent cell lists instance of "sky130_fd_sc_hd__o22a_4" at bad file path /openLANE_flow/designs/vm/runs/final/results/magic/sky130_fd_sc_hd__o22a_4.mag.
The cell exists in the search paths at /home/harshitha/Desktop/vlsi/pdk_files/sky130A/libs.ref/sky130_fd_sc_hd/maglef/sky130_fd_sc_hd__o22a_4.mag.
The discovered version will be used.
Warning:  Parent cell lists instance of "sky130_fd_sc_hd__dfxtp_4" at bad file path /openLANE_flow/designs/vm/runs/final/results/magic/sky130_fd_sc_hd__dfxtp_4.mag.
The cell exists in the search paths at /home/harshitha/Desktop/vlsi/pdk_files/sky130A/libs.ref/sky130_fd_sc_hd/maglef/sky130_fd_sc_hd__dfxtp_4.mag.
The discovered version will be used.
Warning:  Parent cell lists instance of "sky130_fd_sc_hd__buf_2" at bad file path /openLANE_flow/designs/vm/runs/final/results/magic/sky130_fd_sc_hd__buf_2.mag.
The cell exists in the search paths at /home/harshitha/Desktop/vlsi/pdk_files/sky130A/libs.ref/sky130_fd_sc_hd/maglef/sky130_fd_sc_hd__buf_2.mag.
The discovered version will be used.
Warning:  Parent cell lists instance of "sky130_fd_sc_hd__and3_4" at bad file path /openLANE_flow/designs/vm/runs/final/results/magic/sky130_fd_sc_hd__and3_4.mag.
The cell exists in the search paths at /home/harshitha/Desktop/vlsi/pdk_files/sky130A/libs.ref/sky130_fd_sc_hd/maglef/sky130_fd_sc_hd__and3_4.mag.
The discovered version will be used.
Warning:  Parent cell lists instance of "sky130_fd_sc_hd__a211o_4" at bad file path /openLANE_flow/designs/vm/runs/final/results/magic/sky130_fd_sc_hd__a211o_4.mag.
The cell exists in the search paths at /home/harshitha/Desktop/vlsi/pdk_files/sky130A/libs.ref/sky130_fd_sc_hd/maglef/sky130_fd_sc_hd__a211o_4.mag.
The discovered version will be used.
Warning:  Parent cell lists instance of "sky130_fd_sc_hd__a21o_4" at bad file path /openLANE_flow/designs/vm/runs/final/results/magic/sky130_fd_sc_hd__a21o_4.mag.
The cell exists in the search paths at /home/harshitha/Desktop/vlsi/pdk_files/sky130A/libs.ref/sky130_fd_sc_hd/maglef/sky130_fd_sc_hd__a21o_4.mag.
The discovered version will be used.
Warning:  Parent cell lists instance of "sky130_fd_sc_hd__and2_4" at bad file path /openLANE_flow/designs/vm/runs/final/results/magic/sky130_fd_sc_hd__and2_4.mag.
The cell exists in the search paths at /home/harshitha/Desktop/vlsi/pdk_files/sky130A/libs.ref/sky130_fd_sc_hd/maglef/sky130_fd_sc_hd__and2_4.mag.
The discovered version will be used.
Warning:  Parent cell lists instance of "sky130_fd_sc_hd__o21a_4" at bad file path /openLANE_flow/designs/vm/runs/final/results/magic/sky130_fd_sc_hd__o21a_4.mag.
The cell exists in the search paths at /home/harshitha/Desktop/vlsi/pdk_files/sky130A/libs.ref/sky130_fd_sc_hd/maglef/sky130_fd_sc_hd__o21a_4.mag.
The discovered version will be used.
Warning:  Parent cell lists instance of "sky130_fd_sc_hd__clkbuf_1" at bad file path /openLANE_flow/designs/vm/runs/final/results/magic/sky130_fd_sc_hd__clkbuf_1.mag.
The cell exists in the search paths at /home/harshitha/Desktop/vlsi/pdk_files/sky130A/libs.ref/sky130_fd_sc_hd/maglef/sky130_fd_sc_hd__clkbuf_1.mag.
The discovered version will be used.
Warning:  Parent cell lists instance of "sky130_fd_sc_hd__clkbuf_16" at bad file path /openLANE_flow/designs/vm/runs/final/results/magic/sky130_fd_sc_hd__clkbuf_16.mag.
The cell exists in the search paths at /home/harshitha/Desktop/vlsi/pdk_files/sky130A/libs.ref/sky130_fd_sc_hd/maglef/sky130_fd_sc_hd__clkbuf_16.mag.
The discovered version will be used.
Warning:  Parent cell lists instance of "sky130_fd_sc_hd__a21oi_4" at bad file path /openLANE_flow/designs/vm/runs/final/results/magic/sky130_fd_sc_hd__a21oi_4.mag.
The cell exists in the search paths at /home/harshitha/Desktop/vlsi/pdk_files/sky130A/libs.ref/sky130_fd_sc_hd/maglef/sky130_fd_sc_hd__a21oi_4.mag.
The discovered version will be used.
Warning:  Parent cell lists instance of "sky130_fd_sc_hd__o32a_4" at bad file path /openLANE_flow/designs/vm/runs/final/results/magic/sky130_fd_sc_hd__o32a_4.mag.
The cell exists in the search paths at /home/harshitha/Desktop/vlsi/pdk_files/sky130A/libs.ref/sky130_fd_sc_hd/maglef/sky130_fd_sc_hd__o32a_4.mag.
The discovered version will be used.
Diagnostic:  Scale value is 0.005000
Processing timestamp mismatches: sky130_fd_sc_hd__o32a_4, sky130_fd_sc_hd__a21oi_4, sky130_fd_sc_hd__clkbuf_16, sky130_fd_sc_hd__clkbuf_1, sky130_fd_sc_hd__o21a_4, sky130_fd_sc_hd__and2_4, sky130_fd_sc_hd__a21o_4, sky130_fd_sc_hd__a211o_4, sky130_fd_sc_hd__and3_4, sky130_fd_sc_hd__buf_2, sky130_fd_sc_hd__dfxtp_4, sky130_fd_sc_hd__o22a_4, sky130_fd_sc_hd__or3_4, sky130_fd_sc_hd__and4_4, sky130_fd_sc_hd__inv_2, sky130_fd_sc_hd__fill_2, sky130_fd_sc_hd__or4_4, sky130_fd_sc_hd__fill_1, sky130_fd_sc_hd__decap_4, sky130_fd_sc_hd__decap_6, sky130_fd_sc_hd__or2_4, sky130_fd_sc_hd__decap_8, sky130_fd_sc_hd__decap_12, sky130_fd_sc_hd__tapvpwrvgnd_1, sky130_fd_sc_hd__decap_3.
[INFO]: LEF Write Complete
Using technology "sky130A", version 1.0.85-0-g32cdb20
