OpenROAD 0.9.0 d03ebfc244
This program is licensed under the BSD-3 license. See the LICENSE file for details. 
Components of this program may be licensed under more restrictive licenses which must be honored.
Error: cannot open '/.openroad'.
Notice 0: Reading LEF file:  /openLANE_flow/designs/vm/runs/epin/tmp/merged_unpadded.lef
Notice 0:     Created 13 technology layers
Notice 0:     Created 25 technology vias
Notice 0:     Created 438 library cells
Notice 0: Finished LEF file:  /openLANE_flow/designs/vm/runs/epin/tmp/merged_unpadded.lef
Notice 0: 
Reading DEF file: /openLANE_flow/designs/vm/runs/epin/results/floorplan/vm.floorplan.def
Notice 0: Design: vm
Notice 0:     Created 12 pins.
Notice 0:     Created 161 components and 878 component-terminals.
Notice 0:     Created 95 nets and 300 connections.
Notice 0: Finished DEF file: /openLANE_flow/designs/vm/runs/epin/results/floorplan/vm.floorplan.def
[INFO] [PDNG-0016] Power Delivery Network Generator: Generating PDN
[INFO] [PDNG-0016]   config: /home/harshitha/Desktop/vlsi/pdk_files/sky130A/libs.tech/openlane/common_pdn.tcl
[INFO] [PDNG-0008] Design Name is vm
[INFO] [PDNG-0009] Reading technology data
[INFO] [PDNG-0011] ****** INFO ******
Type: stdcell, grid
    Stdcell Rails
      Layer: met1 -  width: 0.480  pitch: 2.720  offset: 0.000 
    Straps
      Layer: met4 -  width: 1.600  pitch: 18.093  offset: 9.047 
      Layer: met5 -  width: 1.600  pitch: 18.133  offset: 9.067 
    Connect: {met4 met5} {met1 met4}
Type: macro, macro_1
    Macro orientation: R0 R180 MX MY R90 R270 MXR90 MYR90
    Straps
    Connect: {met4_PIN_ver met5}
[INFO] [PDNG-0012] **** END INFO ****
[INFO] [PDNG-0013] Inserting stdcell grid - grid
[INFO] [PDNG-0015] Writing to database
