Startpoint: _150_ (rising edge-triggered flip-flop clocked by clk)
Endpoint: _154_ (rising edge-triggered flip-flop clocked by clk)
Path Group: clk
Path Type: min

  Delay    Time   Description
---------------------------------------------------------
   0.00    0.00   clock clk (rise edge)
   0.00    0.00   clock network delay (ideal)
   0.00    0.00 ^ _150_/CLK (sky130_fd_sc_hd__dfxtp_4)
   0.26    0.26 v _150_/Q (sky130_fd_sc_hd__dfxtp_4)
   0.12    0.38 v _128_/X (sky130_fd_sc_hd__and3_4)
   0.00    0.38 v _154_/D (sky130_fd_sc_hd__dfxtp_4)
           0.38   data arrival time

   0.00    0.00   clock clk (rise edge)
   0.00    0.00   clock network delay (ideal)
   0.00    0.00   clock reconvergence pessimism
           0.00 ^ _154_/CLK (sky130_fd_sc_hd__dfxtp_4)
   0.00    0.00   library hold time
           0.00   data required time
---------------------------------------------------------
           0.00   data required time
          -0.38   data arrival time
---------------------------------------------------------
           0.38   slack (MET)


Startpoint: _154_ (rising edge-triggered flip-flop clocked by clk)
Endpoint: _160_ (rising edge-triggered flip-flop clocked by clk)
Path Group: clk
Path Type: max

  Delay    Time   Description
---------------------------------------------------------
   0.00    0.00   clock clk (rise edge)
   0.00    0.00   clock network delay (ideal)
   0.00    0.00 ^ _154_/CLK (sky130_fd_sc_hd__dfxtp_4)
   0.85    0.85 v _154_/Q (sky130_fd_sc_hd__dfxtp_4)
   0.57    1.42 v _081_/X (sky130_fd_sc_hd__or2_4)
   0.96    2.38 v _084_/X (sky130_fd_sc_hd__or4_4)
   0.98    3.36 v _085_/X (sky130_fd_sc_hd__or4_4)
   0.21    3.58 ^ _086_/Y (sky130_fd_sc_hd__inv_2)
   0.23    3.81 ^ _103_/X (sky130_fd_sc_hd__a21o_4)
   0.16    3.97 v _104_/Y (sky130_fd_sc_hd__inv_2)
   0.25    4.23 v _105_/X (sky130_fd_sc_hd__o21a_4)
   0.76    4.98 v _107_/X (sky130_fd_sc_hd__or3_4)
   0.11    5.10 ^ _108_/Y (sky130_fd_sc_hd__inv_2)
   0.00    5.10 ^ _160_/D (sky130_fd_sc_hd__dfxtp_4)
           5.10   data arrival time

  10.00   10.00   clock clk (rise edge)
   0.00   10.00   clock network delay (ideal)
   0.00   10.00   clock reconvergence pessimism
          10.00 ^ _160_/CLK (sky130_fd_sc_hd__dfxtp_4)
  -0.12    9.88   library setup time
           9.88   data required time
---------------------------------------------------------
           9.88   data required time
          -5.10   data arrival time
---------------------------------------------------------
           4.78   slack (MET)


